# JRE version: Java(TM) SE Runtime Environment (8.0_05-b13) (build 1.8.0_05-b13)
# Java VM: Java HotSpot(TM) 64-Bit Server VM (25.5-b02 mixed mode windows-amd64 compressed oops)
Heap:
 PSYoungGen      total 6656K, used 268K [0x00000000d5d80000, 0x00000000d6580000, 0x0000000100000000)
  eden space 5120K, 2% used [0x00000000d5d80000,0x00000000d5da3070,0x00000000d6280000)
  from space 1536K, 8% used [0x00000000d6400000,0x00000000d6420000,0x00000000d6580000)
  to   space 1536K, 0% used [0x00000000d6280000,0x00000000d6280000,0x00000000d6400000)
 ParOldGen       total 129536K, used 4589K [0x0000000081800000, 0x0000000089680000, 0x00000000d5d80000)
  object space 129536K, 3% used [0x0000000081800000,0x0000000081c7b618,0x0000000089680000)
 Metaspace       used 13143K, capacity 13430K, committed 13568K, reserved 1060864K
  class space    used 1561K, capacity 1668K, committed 1792K, reserved 1048576K
GC Heap History (10 events):
Event: 36.273 GC heap before
{Heap before GC invocations=14 (full 0):
 PSYoungGen      total 7168K, used 5184K [0x00000000d5d80000, 0x00000000d6780000, 0x0000000100000000)
  eden space 5120K, 100% used [0x00000000d5d80000,0x00000000d6280000,0x00000000d6280000)
  from space 2048K, 3% used [0x00000000d6380000,0x00000000d6390000,0x00000000d6580000)
  to   space 2048K, 0% used [0x00000000d6580000,0x00000000d6580000,0x00000000d6780000)
 ParOldGen       total 129536K, used 4501K [0x0000000081800000, 0x0000000089680000, 0x00000000d5d80000)
  object space 129536K, 3% used [0x0000000081800000,0x0000000081c65618,0x0000000089680000)
 Metaspace       used 12964K, capacity 13238K, committed 13568K, reserved 1060864K
  class space    used 1559K, capacity 1668K, committed 1792K, reserved 1048576K
Event: 36.274 GC heap after
Heap after GC invocations=14 (full 0):
 PSYoungGen      total 6144K, used 96K [0x00000000d5d80000, 0x00000000d6680000, 0x0000000100000000)
  eden space 5120K, 0% used [0x00000000d5d80000,0x00000000d5d80000,0x00000000d6280000)
  from space 1024K, 9% used [0x00000000d6580000,0x00000000d6598000,0x00000000d6680000)
  to   space 2048K, 0% used [0x00000000d6280000,0x00000000d6280000,0x00000000d6480000)
 ParOldGen       total 129536K, used 4509K [0x0000000081800000, 0x0000000089680000, 0x00000000d5d80000)
  object space 129536K, 3% used [0x0000000081800000,0x0000000081c67618,0x0000000089680000)
 Metaspace       used 12964K, capacity 13238K, committed 13568K, reserved 1060864K
  class space    used 1559K, capacity 1668K, committed 1792K, reserved 1048576K
}
Event: 42.162 GC heap before
{Heap before GC invocations=15 (full 0):
 PSYoungGen      total 6144K, used 5216K [0x00000000d5d80000, 0x00000000d6680000, 0x0000000100000000)
  eden space 5120K, 100% used [0x00000000d5d80000,0x00000000d6280000,0x00000000d6280000)
  from space 1024K, 9% used [0x00000000d6580000,0x00000000d6598000,0x00000000d6680000)
  to   space 2048K, 0% used [0x00000000d6280000,0x00000000d6280000,0x00000000d6480000)
 ParOldGen       total 129536K, used 4509K [0x0000000081800000, 0x0000000089680000, 0x00000000d5d80000)
  object space 129536K, 3% used [0x0000000081800000,0x0000000081c67618,0x0000000089680000)
 Metaspace       used 13057K, capacity 13366K, committed 13568K, reserved 1060864K
  class space    used 1559K, capacity 1668K, committed 1792K, reserved 1048576K
Event: 42.163 GC heap after
Heap after GC invocations=15 (full 0):
 PSYoungGen      total 7168K, used 128K [0x00000000d5d80000, 0x00000000d6680000, 0x0000000100000000)
  eden space 5120K, 0% used [0x00000000d5d80000,0x00000000d5d80000,0x00000000d6280000)
  from space 2048K, 6% used [0x00000000d6280000,0x00000000d62a0000,0x00000000d6480000)
  to   space 2048K, 0% used [0x00000000d6480000,0x00000000d6480000,0x00000000d6680000)
 ParOldGen       total 129536K, used 4533K [0x0000000081800000, 0x0000000089680000, 0x00000000d5d80000)
  object space 129536K, 3% used [0x0000000081800000,0x0000000081c6d618,0x0000000089680000)
 Metaspace       used 13057K, capacity 13366K, committed 13568K, reserved 1060864K
  class space    used 1559K, capacity 1668K, committed 1792K, reserved 1048576K
}
Event: 47.973 GC heap before
{Heap before GC invocations=16 (full 0):
 PSYoungGen      total 7168K, used 5248K [0x00000000d5d80000, 0x00000000d6680000, 0x0000000100000000)
  eden space 5120K, 100% used [0x00000000d5d80000,0x00000000d6280000,0x00000000d6280000)
  from space 2048K, 6% used [0x00000000d6280000,0x00000000d62a0000,0x00000000d6480000)
  to   space 2048K, 0% used [0x00000000d6480000,0x00000000d6480000,0x00000000d6680000)
 ParOldGen       total 129536K, used 4533K [0x0000000081800000, 0x0000000089680000, 0x00000000d5d80000)
  object space 129536K, 3% used [0x0000000081800000,0x0000000081c6d618,0x0000000089680000)
 Metaspace       used 13086K, capacity 13366K, committed 13568K, reserved 1060864K
  class space    used 1559K, capacity 1668K, committed 1792K, reserved 1048576K
Event: 47.974 GC heap after
Heap after GC invocations=16 (full 0):
 PSYoungGen      total 7168K, used 64K [0x00000000d5d80000, 0x00000000d6680000, 0x0000000100000000)
  eden space 5120K, 0% used [0x00000000d5d80000,0x00000000d5d80000,0x00000000d6280000)
  from space 2048K, 3% used [0x00000000d6480000,0x00000000d6490000,0x00000000d6680000)
  to   space 2048K, 0% used [0x00000000d6280000,0x00000000d6280000,0x00000000d6480000)
 ParOldGen       total 129536K, used 4549K [0x0000000081800000, 0x0000000089680000, 0x00000000d5d80000)
  object space 129536K, 3% used [0x0000000081800000,0x0000000081c71618,0x0000000089680000)
 Metaspace       used 13086K, capacity 13366K, committed 13568K, reserved 1060864K
  class space    used 1559K, capacity 1668K, committed 1792K, reserved 1048576K
}
Event: 53.861 GC heap before
{Heap before GC invocations=17 (full 0):
 PSYoungGen      total 7168K, used 5184K [0x00000000d5d80000, 0x00000000d6680000, 0x0000000100000000)
  eden space 5120K, 100% used [0x00000000d5d80000,0x00000000d6280000,0x00000000d6280000)
  from space 2048K, 3% used [0x00000000d6480000,0x00000000d6490000,0x00000000d6680000)
  to   space 2048K, 0% used [0x00000000d6280000,0x00000000d6280000,0x00000000d6480000)
 ParOldGen       total 129536K, used 4549K [0x0000000081800000, 0x0000000089680000, 0x00000000d5d80000)
  object space 129536K, 3% used [0x0000000081800000,0x0000000081c71618,0x0000000089680000)
 Metaspace       used 13132K, capacity 13430K, committed 13568K, reserved 1060864K
  class space    used 1559K, capacity 1668K, committed 1792K, reserved 1048576K
Event: 53.861 GC heap after
Heap after GC invocations=17 (full 0):
 PSYoungGen      total 5632K, used 96K [0x00000000d5d80000, 0x00000000d6580000, 0x0000000100000000)
  eden space 5120K, 0% used [0x00000000d5d80000,0x00000000d5d80000,0x00000000d6280000)
  from space 512K, 18% used [0x00000000d6280000,0x00000000d6298000,0x00000000d6300000)
  to   space 1536K, 0% used [0x00000000d6400000,0x00000000d6400000,0x00000000d6580000)
 ParOldGen       total 129536K, used 4565K [0x0000000081800000, 0x0000000089680000, 0x00000000d5d80000)
  object space 129536K, 3% used [0x0000000081800000,0x0000000081c75618,0x0000000089680000)
 Metaspace       used 13132K, capacity 13430K, committed 13568K, reserved 1060864K
  class space    used 1559K, capacity 1668K, committed 1792K, reserved 1048576K
}
Event: 59.809 GC heap before
{Heap before GC invocations=18 (full 0):
 PSYoungGen      total 5632K, used 5216K [0x00000000d5d80000, 0x00000000d6580000, 0x0000000100000000)
  eden space 5120K, 100% used [0x00000000d5d80000,0x00000000d6280000,0x00000000d6280000)
  from space 512K, 18% used [0x00000000d6280000,0x00000000d6298000,0x00000000d6300000)
  to   space 1536K, 0% used [0x00000000d6400000,0x00000000d6400000,0x00000000d6580000)
 ParOldGen       total 129536K, used 4565K [0x0000000081800000, 0x0000000089680000, 0x00000000d5d80000)
  object space 129536K, 3% used [0x0000000081800000,0x0000000081c75618,0x0000000089680000)
 Metaspace       used 13139K, capacity 13430K, committed 13568K, reserved 1060864K
  class space    used 1560K, capacity 1668K, committed 1792K, reserved 1048576K
Event: 59.810 GC heap after
Heap after GC invocations=18 (full 0):
 PSYoungGen      total 6656K, used 128K [0x00000000d5d80000, 0x00000000d6580000, 0x0000000100000000)
  eden space 5120K, 0% used [0x00000000d5d80000,0x00000000d5d80000,0x00000000d6280000)
  from space 1536K, 8% used [0x00000000d6400000,0x00000000d6420000,0x00000000d6580000)
  to   space 1536K, 0% used [0x00000000d6280000,0x00000000d6280000,0x00000000d6400000)
 ParOldGen       total 129536K, used 4589K [0x0000000081800000, 0x0000000089680000, 0x00000000d5d80000)
  object space 129536K, 3% used [0x0000000081800000,0x0000000081c7b618,0x0000000089680000)
 Metaspace       used 13139K, capacity 13430K, committed 13568K, reserved 1060864K
  class space    used 1560K, capacity 1668K, committed 1792K, reserved 1048576K
}

